Base path: 'C:/Program Files/Unity/Editor/Data', plugins path 'C:/Program Files/Unity/Editor/Data/PlaybackEngines'
Cmd: initializeCompiler
Cmd: compileComputeKernel
  api=4 insize=15603 outsize=15253 ok=1
Cmd: compileComputeKernel
  api=4 insize=15603 outsize=32183 ok=1
Cmd: compileComputeKernel
  api=4 insize=15603 outsize=48608 ok=1
Cmd: compileComputeKernel
  api=4 insize=15603 outsize=35804 ok=1
Cmd: compileComputeKernel
  api=4 insize=15603 outsize=42701 ok=1
Cmd: compileComputeKernel
  api=4 insize=15603 outsize=31472 ok=1
Cmd: compileComputeKernel
  api=4 insize=15603 outsize=33852 ok=1
Cmd: compileComputeKernel
  api=4 insize=15603 outsize=50961 ok=1
Cmd: compileComputeKernel
  api=4 insize=15603 outsize=33989 ok=1
Cmd: compileComputeKernel
  api=4 insize=25750 outsize=324 ok=1
Cmd: compileComputeKernel
  api=4 insize=5767 outsize=6007 ok=1
Cmd: compileComputeKernel
  api=4 insize=1042 outsize=3163 ok=1
Cmd: compileComputeKernel
  api=4 insize=4918 outsize=2350 ok=1
Cmd: compileComputeKernel
  api=4 insize=7423 outsize=1322 ok=1
Cmd: compileComputeKernel
  api=4 insize=13624 outsize=2094 ok=1
Cmd: compileComputeKernel
  api=4 insize=21554 outsize=15241 ok=1
Cmd: compileComputeKernel
  api=4 insize=36515 outsize=32395 ok=1
Cmd: compileComputeKernel
  api=4 insize=36515 outsize=33663 ok=1
Cmd: compileComputeKernel
  api=4 insize=17606 outsize=7333 ok=1
Cmd: compileComputeKernel
  api=4 insize=5065 outsize=899 ok=1
Cmd: compileComputeKernel
  api=4 insize=15717 outsize=7553 ok=1
Cmd: compileComputeKernel
  api=4 insize=3654 outsize=1426 ok=1
Cmd: compileComputeKernel
  api=4 insize=17632 outsize=2481 ok=1
Cmd: compileComputeKernel
  api=4 insize=5725 outsize=5009 ok=1
Cmd: compileComputeKernel
  api=4 insize=19711 outsize=756 ok=1

Quitting shader compiler process
